2025-01-06 07:48:08,913 [INFO] [frontend.py] Fetching models from http://backend:8080/models
2025-01-06 07:48:08,922 [INFO] [frontend.py] Данные о моделях успешно получены. Код ответа: 200
2025-01-06 07:48:19,725 [INFO] [frontend.py] Fetching models from http://backend:8080/models
2025-01-06 07:48:19,731 [INFO] [frontend.py] Данные о моделях успешно получены. Код ответа: 200
2025-01-06 07:48:36,792 [INFO] [frontend.py] Fetching models from http://backend:8080/models
2025-01-06 07:48:36,809 [INFO] [frontend.py] Данные о моделях успешно получены. Код ответа: 200
2025-01-06 07:48:48,761 [INFO] [frontend.py] Fetching models from http://backend:8080/models
2025-01-06 07:48:48,768 [INFO] [frontend.py] Данные о моделях успешно получены. Код ответа: 200
2025-01-06 07:48:56,841 [INFO] [frontend.py] Fetching models from http://backend:8080/models
2025-01-06 07:48:56,847 [INFO] [frontend.py] Данные о моделях успешно получены. Код ответа: 200
2025-01-06 07:48:58,745 [INFO] [frontend.py] Fetching models from http://backend:8080/models
2025-01-06 07:48:58,752 [INFO] [frontend.py] Данные о моделях успешно получены. Код ответа: 200
2025-01-06 07:49:01,834 [INFO] [frontend.py] Fetching models from http://backend:8080/models
2025-01-06 07:49:01,840 [INFO] [frontend.py] Данные о моделях успешно получены. Код ответа: 200
2025-01-06 07:49:03,559 [INFO] [frontend.py] Fetching models from http://backend:8080/models
2025-01-06 07:49:03,565 [INFO] [frontend.py] Данные о моделях успешно получены. Код ответа: 200
2025-01-06 07:51:16,032 [INFO] [frontend.py] Fetching models from http://backend:8080/models
2025-01-06 07:51:16,040 [INFO] [frontend.py] Данные о моделях успешно получены. Код ответа: 200
2025-01-06 07:51:23,615 [INFO] [frontend.py] Fetching models from http://backend:8080/models
2025-01-06 07:51:23,620 [INFO] [frontend.py] Данные о моделях успешно получены. Код ответа: 200
2025-01-06 07:56:39,990 [INFO] [frontend.py] Отправка данных для обучения модели на /fit: {'ticker': 'ALRS', 'forecast_steps': 3, 'auto_select': False, 'p': 2, 'd': 1, 'q': 2, 'user_data': [{'Date': '2024-11-02', 'Price': 48.5}, {'Date': '2024-11-03', 'Price': 49.0}, {'Date': '2024-11-04', 'Price': 50.0}]}
2025-01-06 07:56:40,393 [INFO] [frontend.py] Model fit successful. Status code: 200
2025-01-06 08:00:04,238 [INFO] [frontend.py] Fetching models from http://backend:8080/models
2025-01-06 08:00:04,245 [INFO] [frontend.py] Данные о моделях успешно получены. Код ответа: 200
2025-01-06 08:00:07,789 [INFO] [frontend.py] Fetching models from http://backend:8080/models
2025-01-06 08:00:07,796 [INFO] [frontend.py] Данные о моделях успешно получены. Код ответа: 200
2025-01-06 08:00:12,030 [INFO] [frontend.py] Fetching models from http://backend:8080/models
2025-01-06 08:00:12,036 [INFO] [frontend.py] Данные о моделях успешно получены. Код ответа: 200
2025-01-06 08:00:12,548 [INFO] [frontend.py] Fetching models from http://backend:8080/models
2025-01-06 08:00:12,554 [INFO] [frontend.py] Данные о моделях успешно получены. Код ответа: 200
2025-01-06 08:00:13,799 [INFO] [frontend.py] Fetching models from http://backend:8080/models
2025-01-06 08:00:13,805 [INFO] [frontend.py] Данные о моделях успешно получены. Код ответа: 200
2025-01-06 08:00:13,808 [INFO] [frontend.py] Запрос прогнозов с эндпоинта /predict для моделей: ['model_ALRS_a025e42b', 'model_ALRS_643e6b7f']
2025-01-06 08:00:13,813 [INFO] [frontend.py] Прогнозы успешно получены. Код ответа: 200
2025-01-06 08:02:44,389 [INFO] [frontend.py] Fetching models from http://backend:8080/models
2025-01-06 08:02:44,396 [INFO] [frontend.py] Данные о моделях успешно получены. Код ответа: 200
2025-01-06 08:02:47,045 [INFO] [frontend.py] Fetching models from http://backend:8080/models
2025-01-06 08:02:47,052 [INFO] [frontend.py] Данные о моделях успешно получены. Код ответа: 200
2025-01-06 08:02:50,199 [INFO] [frontend.py] Fetching models from http://backend:8080/models
2025-01-06 08:02:50,212 [INFO] [frontend.py] Данные о моделях успешно получены. Код ответа: 200
2025-01-06 08:02:50,950 [INFO] [frontend.py] Fetching models from http://backend:8080/models
2025-01-06 08:02:50,957 [INFO] [frontend.py] Данные о моделях успешно получены. Код ответа: 200
2025-01-06 08:02:53,071 [INFO] [frontend.py] Fetching models from http://backend:8080/models
2025-01-06 08:02:53,078 [INFO] [frontend.py] Данные о моделях успешно получены. Код ответа: 200
2025-01-06 08:02:55,104 [INFO] [frontend.py] Fetching models from http://backend:8080/models
2025-01-06 08:02:55,110 [INFO] [frontend.py] Данные о моделях успешно получены. Код ответа: 200
2025-01-06 08:02:56,625 [INFO] [frontend.py] Fetching models from http://backend:8080/models
2025-01-06 08:02:56,631 [INFO] [frontend.py] Данные о моделях успешно получены. Код ответа: 200
2025-01-06 08:02:58,001 [INFO] [frontend.py] Fetching models from http://backend:8080/models
2025-01-06 08:02:58,009 [INFO] [frontend.py] Данные о моделях успешно получены. Код ответа: 200
2025-01-06 08:02:58,809 [INFO] [frontend.py] Fetching models from http://backend:8080/models
2025-01-06 08:02:58,815 [INFO] [frontend.py] Данные о моделях успешно получены. Код ответа: 200
2025-01-06 08:03:04,041 [INFO] [frontend.py] Fetching models from http://backend:8080/models
2025-01-06 08:03:04,047 [INFO] [frontend.py] Данные о моделях успешно получены. Код ответа: 200
2025-01-06 08:03:36,452 [INFO] [frontend.py] Отправка данных для обучения модели на /fit: {'ticker': 'ALRS', 'forecast_steps': 4, 'auto_select': False, 'p': 2, 'd': 2, 'q': 3, 'user_data': [{'Date': '2024-11-02', 'Price': 48.5}, {'Date': '2024-11-03', 'Price': 49.0}, {'Date': '2024-11-04', 'Price': 50.0}]}
2025-01-06 08:03:36,992 [INFO] [frontend.py] Model fit successful. Status code: 200
2025-01-06 08:03:41,941 [INFO] [frontend.py] Отправка данных для обучения модели на /fit: {'ticker': 'ALRS', 'forecast_steps': 2, 'auto_select': False, 'p': 1, 'd': 1, 'q': 2, 'user_data': [{'Date': '2024-11-02', 'Price': 48.5}, {'Date': '2024-11-03', 'Price': 49.0}, {'Date': '2024-11-04', 'Price': 50.0}]}
2025-01-06 08:03:42,281 [INFO] [frontend.py] Model fit successful. Status code: 200
2025-01-06 08:08:16,750 [INFO] [frontend.py] Fetching models from http://backend:8080/models
2025-01-06 08:08:16,757 [INFO] [frontend.py] Данные о моделях успешно получены. Код ответа: 200
2025-01-06 08:08:17,331 [INFO] [frontend.py] Fetching models from http://backend:8080/models
2025-01-06 08:08:17,338 [INFO] [frontend.py] Данные о моделях успешно получены. Код ответа: 200
2025-01-06 08:08:28,429 [INFO] [frontend.py] Fetching models from http://backend:8080/models
2025-01-06 08:08:28,436 [INFO] [frontend.py] Данные о моделях успешно получены. Код ответа: 200
2025-01-06 08:08:30,198 [INFO] [frontend.py] Fetching models from http://backend:8080/models
2025-01-06 08:08:30,204 [INFO] [frontend.py] Данные о моделях успешно получены. Код ответа: 200
2025-01-06 08:08:32,108 [INFO] [frontend.py] Fetching models from http://backend:8080/models
2025-01-06 08:08:32,115 [INFO] [frontend.py] Данные о моделях успешно получены. Код ответа: 200
2025-01-06 08:08:32,545 [INFO] [frontend.py] Fetching models from http://backend:8080/models
2025-01-06 08:08:32,552 [INFO] [frontend.py] Данные о моделях успешно получены. Код ответа: 200
2025-01-06 08:08:33,279 [INFO] [frontend.py] Fetching models from http://backend:8080/models
2025-01-06 08:08:33,285 [INFO] [frontend.py] Данные о моделях успешно получены. Код ответа: 200
2025-01-06 08:08:34,555 [INFO] [frontend.py] Fetching models from http://backend:8080/models
2025-01-06 08:08:34,563 [INFO] [frontend.py] Данные о моделях успешно получены. Код ответа: 200
2025-01-06 08:08:40,117 [INFO] [frontend.py] Fetching models from http://backend:8080/models
2025-01-06 08:08:40,129 [INFO] [frontend.py] Данные о моделях успешно получены. Код ответа: 200
2025-01-06 08:08:42,118 [INFO] [frontend.py] Fetching models from http://backend:8080/models
2025-01-06 08:08:42,124 [INFO] [frontend.py] Данные о моделях успешно получены. Код ответа: 200
2025-01-06 08:08:44,438 [INFO] [frontend.py] Fetching models from http://backend:8080/models
2025-01-06 08:08:44,445 [INFO] [frontend.py] Данные о моделях успешно получены. Код ответа: 200
2025-01-06 08:08:46,320 [INFO] [frontend.py] Fetching models from http://backend:8080/models
2025-01-06 08:08:46,333 [INFO] [frontend.py] Данные о моделях успешно получены. Код ответа: 200
2025-01-06 08:08:48,272 [INFO] [frontend.py] Fetching models from http://backend:8080/models
2025-01-06 08:08:48,279 [INFO] [frontend.py] Данные о моделях успешно получены. Код ответа: 200
2025-01-06 08:08:49,742 [INFO] [frontend.py] Fetching models from http://backend:8080/models
2025-01-06 08:08:49,749 [INFO] [frontend.py] Данные о моделях успешно получены. Код ответа: 200
2025-01-06 08:08:52,817 [INFO] [frontend.py] Fetching models from http://backend:8080/models
2025-01-06 08:08:52,824 [INFO] [frontend.py] Данные о моделях успешно получены. Код ответа: 200
2025-01-06 08:08:55,081 [INFO] [frontend.py] Fetching models from http://backend:8080/models
2025-01-06 08:08:55,088 [INFO] [frontend.py] Данные о моделях успешно получены. Код ответа: 200
2025-01-06 08:08:57,035 [INFO] [frontend.py] Fetching models from http://backend:8080/models
2025-01-06 08:08:57,042 [INFO] [frontend.py] Данные о моделях успешно получены. Код ответа: 200
2025-01-06 08:08:58,019 [INFO] [frontend.py] Fetching models from http://backend:8080/models
2025-01-06 08:08:58,026 [INFO] [frontend.py] Данные о моделях успешно получены. Код ответа: 200
2025-01-06 08:08:59,403 [INFO] [frontend.py] Fetching models from http://backend:8080/models
2025-01-06 08:08:59,410 [INFO] [frontend.py] Данные о моделях успешно получены. Код ответа: 200
2025-01-06 08:09:08,250 [INFO] [frontend.py] Fetching models from http://backend:8080/models
2025-01-06 08:09:08,257 [INFO] [frontend.py] Данные о моделях успешно получены. Код ответа: 200
